{"level":"INFO","time":"2023-07-24T18:11:18.305+0800","caller":"logger/logger.go:43","msg":"init logger success"}
{"level":"INFO","time":"[kubeFox] 2023/07/24 - 18:13:03.152","caller":"logger/logger.go:43","msg":"init logger success"}
{"level":"INFO","time":"[kubeFox] 2023/07/24 - 18:16:46.415","caller":"logger/logger.go:43","msg":"init logger success"}
{"level":"INFO","time":"[kubeFox] 2023/07/24 - 18:17:35.528","caller":"logger/logger.go:43","msg":"init logger success"}
{"level":"INFO","time":"[kubeFox] 2023/07/24 - 18:18:48.530","caller":"logger/logger.go:43","msg":"init logger success"}
{"level":"INFO","time":"[kubeFox] 2023/07/24 - 18:21:08.612","caller":"logger/logger.go:43","msg":"init logger success"}
{"level":"INFO","time":"[kubeFox] 2023/07/24 - 18:22:14.092","caller":"logger/logger.go:43","msg":"init logger success"}
{"level":"INFO","time":"[kubeFox] 2023/07/24 - 18:22:37.977","caller":"logger/logger.go:43","msg":"init logger success"}
{"level":"INFO","time":"[kubeFox] 2023/07/24 - 18:27:09.075","caller":"logger/logger.go:43","msg":"init logger success"}
{"level":"INFO","time":"[kubeFox] 2023/07/24 - 18:27:09.093","caller":"app/server.go:98","msg":"Success","starting kubeFox server running on":"127.0.0.1"}
{"level":"INFO","time":"[kubeFox] 2023/07/24 - 18:43:15.014","caller":"app/server.go:107","msg":"shutting kubeFox server down ..."}
{"level":"INFO","time":"[kubeFox] 2023/07/24 - 18:43:15.015","caller":"app/server.go:117","msg":"kubeFox server exit successful"}
{"level":"INFO","time":"[kubeFox] 2023/07/24 - 19:32:17.713","caller":"logger/logger.go:43","msg":"init logger success"}
{"level":"INFO","time":"[kubeFox] 2023/07/24 - 19:32:17.808","caller":"app/server.go:98","msg":"Success","starting kubeFox server running on":"127.0.0.1"}
{"level":"INFO","time":"[kubeFox] 2023/07/24 - 19:32:28.048","caller":"app/server.go:107","msg":"shutting kubeFox server down ..."}
{"level":"INFO","time":"[kubeFox] 2023/07/24 - 19:32:28.048","caller":"app/server.go:117","msg":"kubeFox server exit successful"}
{"level":"INFO","time":"[kubeFox] 2023/07/24 - 19:33:22.271","caller":"logger/logger.go:43","msg":"init logger success"}
{"level":"INFO","time":"[kubeFox] 2023/07/24 - 19:33:22.793","caller":"app/server.go:98","msg":"Success","starting kubeFox server running on":"127.0.0.1"}
{"level":"INFO","time":"[kubeFox] 2023/07/24 - 19:33:54.492","caller":"app/server.go:107","msg":"shutting kubeFox server down ..."}
{"level":"INFO","time":"[kubeFox] 2023/07/24 - 19:33:54.493","caller":"app/server.go:117","msg":"kubeFox server exit successful"}
{"level":"INFO","time":"[kubeFox] 2023/07/24 - 19:41:11.067","caller":"logger/logger.go:43","msg":"init logger success"}
{"level":"INFO","time":"[kubeFox] 2023/07/24 - 19:41:11.137","caller":"app/server.go:98","msg":"Success","starting kubeFox server running on":8081}
{"level":"INFO","time":"[kubeFox] 2023/07/24 - 19:48:15.014","caller":"app/server.go:107","msg":"shutting kubeFox server down ..."}
{"level":"INFO","time":"[kubeFox] 2023/07/24 - 19:48:15.016","caller":"app/server.go:117","msg":"kubeFox server exit successful"}
